<?xml version="1.0" encoding="UTF-8"?>
<!-- Generated by org.testng.reporters.JUnitReportReporter -->
<testsuite hostname="LAPTOP-3EDLIF4P" failures="0" tests="1" name="tests.LoginTest" time="3.735" errors="0" timestamp="2025-04-05T18:24:53 EDT" skipped="0">
  <testcase classname="tests.LoginTest" name="testValidLogin" time="3.735"/>
</testsuite> <!-- tests.LoginTest -->
